<?xml version="1.0" encoding="UTF-8"?>
<!-- Generated by org.testng.reporters.JUnitReportReporter -->
<testsuite hostname="Mys-MacBook-Air.local" failures="0" tests="1" name="info.aripov.SeleniumFramework.AppTest" time="0.002" errors="0" timestamp="16 Jul 2019 10:34:00 GMT" skipped="0">
  <testcase classname="info.aripov.SeleniumFramework.AppTest" name="testApp" time="0.002"/>
</testsuite> <!-- info.aripov.SeleniumFramework.AppTest -->
