<?xml version="1.0" encoding="UTF-8"?>
<!-- Generated by org.testng.reporters.JUnitReportReporter -->
<testsuite hostname="Mys-MacBook-Air.local" failures="0" tests="1" name="info.aripov.SeleniumFramework.HomePageTest" time="3.444" errors="0" timestamp="16 Jul 2019 10:34:00 GMT" skipped="0">
  <testcase classname="info.aripov.SeleniumFramework.HomePageTest" name="testTitle" time="3.444"/>
</testsuite> <!-- info.aripov.SeleniumFramework.HomePageTest -->
