<?xml version="1.0" encoding="UTF-8"?>
<!-- Generated by org.testng.reporters.JUnitReportReporter -->
<testsuite skipped="0" hostname="Mys-MacBook-Air.local" name="info.aripov.SeleniumFramework.HomePageTest" tests="1" failures="0" timestamp="18 Jul 2019 04:39:32 GMT" time="3.620" errors="0">
  <testcase name="testTitle" time="3.620" classname="info.aripov.SeleniumFramework.HomePageTest"/>
</testsuite> <!-- info.aripov.SeleniumFramework.HomePageTest -->
