<?xml version="1.0" encoding="UTF-8"?>
<!-- Generated by org.testng.reporters.JUnitReportReporter -->
<testsuite skipped="2" hostname="Mys-MacBook-Air.local" name="cucumberAutom.RunCukeTest" tests="2" failures="0" timestamp="22 Jul 2019 07:42:49 GMT" time="0.418" errors="0">
  <testcase name="runScenario" time="0.006" classname="cucumberAutom.RunCukeTest">
    <skipped/>
  </testcase> <!-- runScenario -->
  <testcase name="runScenario" time="0.412" classname="cucumberAutom.RunCukeTest">
    <skipped/>
  </testcase> <!-- runScenario -->
</testsuite> <!-- cucumberAutom.RunCukeTest -->
