<?xml version="1.0" encoding="UTF-8"?>
<!-- Generated by org.testng.reporters.JUnitReportReporter -->
<testsuite skipped="0" hostname="Mys-MacBook-Air.local" name="cucumberAutom.TestRunner" tests="1" failures="0" timestamp="23 Jul 2019 07:34:51 GMT" time="0.035" errors="0">
  <testcase name="feature" time="0.035" classname="cucumberAutom.TestRunner"/>
</testsuite> <!-- cucumberAutom.TestRunner -->
