<?xml version="1.0" encoding="UTF-8"?>
<!-- Generated by org.testng.reporters.JUnitReportReporter -->
<testsuite skipped="0" hostname="Mys-MacBook-Air.local" name="info.aripov.SeleniumFramework.HomePage" tests="1" failures="0" timestamp="13 Jul 2019 06:48:17 GMT" time="15.783" errors="0">
  <testcase name="TestTitle" time="15.783" classname="info.aripov.SeleniumFramework.HomePage"/>
</testsuite> <!-- info.aripov.SeleniumFramework.HomePage -->
