<?xml version="1.0" encoding="UTF-8"?>
<!-- Generated by org.testng.reporters.JUnitReportReporter -->
<testsuite skipped="0" hostname="Mys-MacBook-Air.local" name="info.aripov.SeleniumFramework.LoginPageTest" tests="2" failures="0" timestamp="18 Jul 2019 07:55:32 GMT" time="2.992" errors="0">
  <testcase name="testLink" time="0.011" classname="info.aripov.SeleniumFramework.LoginPageTest"/>
  <testcase name="testLogin" time="2.981" classname="info.aripov.SeleniumFramework.LoginPageTest"/>
</testsuite> <!-- info.aripov.SeleniumFramework.LoginPageTest -->
