<?xml version="1.0" encoding="UTF-8"?>
<!-- Generated by org.testng.reporters.JUnitReportReporter -->
<testsuite skipped="0" hostname="Mys-MacBook-Air.local" name="info.aripov.SeleniumFramework.AppTest" tests="1" failures="0" timestamp="18 Jul 2019 04:39:32 GMT" time="0.018" errors="0">
  <testcase name="testApp" time="0.018" classname="info.aripov.SeleniumFramework.AppTest"/>
</testsuite> <!-- info.aripov.SeleniumFramework.AppTest -->
