<?xml version="1.0" encoding="UTF-8"?>
<!-- Generated by org.testng.reporters.JUnitReportReporter -->
<testsuite skipped="2" hostname="Mys-MacBook-Air.local" name="features.TestRunner" tests="2" failures="0" timestamp="22 Jul 2019 05:43:07 GMT" time="0.197" errors="0">
  <testcase name="runScenario" time="0.005" classname="features.TestRunner">
    <skipped/>
  </testcase> <!-- runScenario -->
  <testcase name="runScenario" time="0.192" classname="features.TestRunner">
    <skipped/>
  </testcase> <!-- runScenario -->
</testsuite> <!-- features.TestRunner -->
